  WinView.cpp
c:\users\karolina\desktop\6 semestr\programowanie_windows\win\win\winview.cpp(129): warning C4244: 'argument': conversion from 'double' to 'int', possible loss of data
c:\program files (x86)\microsoft visual studio 14.0\vc\include\utility(172): warning C4244: 'initializing': conversion from 'double' to 'int', possible loss of data
  c:\users\karolina\desktop\6 semestr\programowanie_windows\win\win\winview.cpp(84): note: see reference to function template instantiation 'std::pair<int,int>::pair<int,double,void,0>(_Other1 &&,_Other2 &&) noexcept' being compiled
          with
          [
              _Other1=int,
              _Other2=double
          ]
  c:\users\karolina\desktop\6 semestr\programowanie_windows\win\win\winview.cpp(84): note: see reference to function template instantiation 'std::pair<int,int>::pair<int,double,void,0>(_Other1 &&,_Other2 &&) noexcept' being compiled
          with
          [
              _Other1=int,
              _Other2=double
          ]
  Generating Code...
  Compiling...
  Win.cpp
  Generating Code...
  Win.vcxproj -> C:\Users\Karolina\Desktop\6 semestr\programowanie_windows\Win\Debug\Win.exe
  Win.vcxproj -> C:\Users\Karolina\Desktop\6 semestr\programowanie_windows\Win\Debug\Win.pdb (Partial PDB)
